============================= test session starts ==============================
platform linux -- Python 3.12.3, pytest-9.1.1, pluggy-1.6.0 -- /home/leone/GEO-EXTERNAL-TEST/GEO-External-Operator/.venv/bin/python
cachedir: .pytest_cache
rootdir: /home/leone/GEO-Hubble-Geometric-Projection
configfile: pyproject.toml
collecting ... collected 130 items

tests/test_hubble_factor.py::test_hubble_projection_factor_closed_form PASSED [  0%]
tests/test_hubble_factor.py::test_projected_observable_is_inverse_sqrt_two PASSED [  1%]
tests/test_hubble_factor.py::test_fc_over_cos45_equals_sqrt_six_fifths PASSED [  2%]
tests/test_hubble_factor.py::test_full_projection_reduces_to_cos45 PASSED [  3%]
tests/test_hubble_factor.py::test_analytic_and_engine_hubble_factors_agree PASSED [  3%]
tests/test_hubble_factor.py::test_engine_hubble_factor_matches_closed_form PASSED [  4%]
tests/test_hubble_factor.py::test_reference_hubble_projection PASSED     [  5%]
tests/test_hubble_factor.py::test_reference_fractional_shift PASSED      [  6%]
tests/test_hubble_factor.py::test_projection_factor_is_independent_of_hubble_input[50.0] PASSED [  6%]
tests/test_hubble_factor.py::test_projection_factor_is_independent_of_hubble_input[60.0] PASSED [  7%]
tests/test_hubble_factor.py::test_projection_factor_is_independent_of_hubble_input[67.4] PASSED [  8%]
tests/test_hubble_factor.py::test_projection_factor_is_independent_of_hubble_input[70.0] PASSED [  9%]
tests/test_hubble_factor.py::test_projection_factor_is_independent_of_hubble_input[73.0] PASSED [ 10%]
tests/test_hubble_factor.py::test_projection_factor_is_independent_of_hubble_input[80.0] PASSED [ 10%]
tests/test_hubble_factor.py::test_projection_factor_is_independent_of_hubble_input[100.0] PASSED [ 11%]
tests/test_hubble_factor.py::test_hubble_mapping_is_linear[50.0] PASSED  [ 12%]
tests/test_hubble_factor.py::test_hubble_mapping_is_linear[60.0] PASSED  [ 13%]
tests/test_hubble_factor.py::test_hubble_mapping_is_linear[67.4] PASSED  [ 13%]
tests/test_hubble_factor.py::test_hubble_mapping_is_linear[70.0] PASSED  [ 14%]
tests/test_hubble_factor.py::test_hubble_mapping_is_linear[80.0] PASSED  [ 15%]
tests/test_hubble_factor.py::test_hubble_mapping_is_linear[100.0] PASSED [ 16%]
tests/test_hubble_factor.py::test_hubble_factor_is_independent_of_mu_eff[0.2] PASSED [ 16%]
tests/test_hubble_factor.py::test_hubble_factor_is_independent_of_mu_eff[0.4] PASSED [ 17%]
tests/test_hubble_factor.py::test_hubble_factor_is_independent_of_mu_eff[0.6] PASSED [ 18%]
tests/test_hubble_factor.py::test_hubble_factor_is_independent_of_mu_eff[0.8] PASSED [ 19%]
tests/test_hubble_factor.py::test_hubble_factor_is_independent_of_mu_eff[0.8104] PASSED [ 20%]
tests/test_hubble_factor.py::test_hubble_factor_is_independent_of_mu_eff[1.0] PASSED [ 20%]
tests/test_hubble_factor.py::test_radial_change_does_not_change_projection_factor PASSED [ 21%]
tests/test_hubble_factor.py::test_projection_factor_is_pure_ratio PASSED [ 22%]
tests/test_hubble_factor.py::test_reference_hubble_projection_using_engine PASSED [ 23%]
tests/test_mu_eta_independence.py::test_eta_is_independent_input_from_mu_eff[0.1] PASSED [ 23%]
tests/test_mu_eta_independence.py::test_eta_is_independent_input_from_mu_eff[0.2] PASSED [ 24%]
tests/test_mu_eta_independence.py::test_eta_is_independent_input_from_mu_eff[0.3] PASSED [ 25%]
tests/test_mu_eta_independence.py::test_eta_is_independent_input_from_mu_eff[0.4] PASSED [ 26%]
tests/test_mu_eta_independence.py::test_eta_is_independent_input_from_mu_eff[0.5] PASSED [ 26%]
tests/test_mu_eta_independence.py::test_eta_is_independent_input_from_mu_eff[0.6] PASSED [ 27%]
tests/test_mu_eta_independence.py::test_eta_is_independent_input_from_mu_eff[0.7] PASSED [ 28%]
tests/test_mu_eta_independence.py::test_eta_is_independent_input_from_mu_eff[0.8] PASSED [ 29%]
tests/test_mu_eta_independence.py::test_eta_is_independent_input_from_mu_eff[0.8104] PASSED [ 30%]
tests/test_mu_eta_independence.py::test_eta_is_independent_input_from_mu_eff[0.9] PASSED [ 30%]
tests/test_mu_eta_independence.py::test_eta_is_independent_input_from_mu_eff[1.0] PASSED [ 31%]
tests/test_mu_eta_independence.py::test_engine_preserves_requested_mu_eff[0.1] PASSED [ 32%]
tests/test_mu_eta_independence.py::test_engine_preserves_requested_mu_eff[0.2] PASSED [ 33%]
tests/test_mu_eta_independence.py::test_engine_preserves_requested_mu_eff[0.3] PASSED [ 33%]
tests/test_mu_eta_independence.py::test_engine_preserves_requested_mu_eff[0.4] PASSED [ 34%]
tests/test_mu_eta_independence.py::test_engine_preserves_requested_mu_eff[0.5] PASSED [ 35%]
tests/test_mu_eta_independence.py::test_engine_preserves_requested_mu_eff[0.6] PASSED [ 36%]
tests/test_mu_eta_independence.py::test_engine_preserves_requested_mu_eff[0.7] PASSED [ 36%]
tests/test_mu_eta_independence.py::test_engine_preserves_requested_mu_eff[0.8] PASSED [ 37%]
tests/test_mu_eta_independence.py::test_engine_preserves_requested_mu_eff[0.8104] PASSED [ 38%]
tests/test_mu_eta_independence.py::test_engine_preserves_requested_mu_eff[0.9] PASSED [ 39%]
tests/test_mu_eta_independence.py::test_engine_preserves_requested_mu_eff[1.0] PASSED [ 40%]
tests/test_mu_eta_independence.py::test_radial_law_depends_on_mu_eff[0.1] PASSED [ 40%]
tests/test_mu_eta_independence.py::test_radial_law_depends_on_mu_eff[0.2] PASSED [ 41%]
tests/test_mu_eta_independence.py::test_radial_law_depends_on_mu_eff[0.3] PASSED [ 42%]
tests/test_mu_eta_independence.py::test_radial_law_depends_on_mu_eff[0.4] PASSED [ 43%]
tests/test_mu_eta_independence.py::test_radial_law_depends_on_mu_eff[0.5] PASSED [ 43%]
tests/test_mu_eta_independence.py::test_radial_law_depends_on_mu_eff[0.6] PASSED [ 44%]
tests/test_mu_eta_independence.py::test_radial_law_depends_on_mu_eff[0.7] PASSED [ 45%]
tests/test_mu_eta_independence.py::test_radial_law_depends_on_mu_eff[0.8] PASSED [ 46%]
tests/test_mu_eta_independence.py::test_radial_law_depends_on_mu_eff[0.8104] PASSED [ 46%]
tests/test_mu_eta_independence.py::test_radial_law_depends_on_mu_eff[0.9] PASSED [ 47%]
tests/test_mu_eta_independence.py::test_radial_law_depends_on_mu_eff[1.0] PASSED [ 48%]
tests/test_mu_eta_independence.py::test_eta_cuberoot_shortcut_fails_when_mu_differs_from_eta[0.1] PASSED [ 49%]
tests/test_mu_eta_independence.py::test_eta_cuberoot_shortcut_fails_when_mu_differs_from_eta[0.2] PASSED [ 50%]
tests/test_mu_eta_independence.py::test_eta_cuberoot_shortcut_fails_when_mu_differs_from_eta[0.3] PASSED [ 50%]
tests/test_mu_eta_independence.py::test_eta_cuberoot_shortcut_fails_when_mu_differs_from_eta[0.4] PASSED [ 51%]
tests/test_mu_eta_independence.py::test_eta_cuberoot_shortcut_fails_when_mu_differs_from_eta[0.5] PASSED [ 52%]
tests/test_mu_eta_independence.py::test_eta_cuberoot_shortcut_fails_when_mu_differs_from_eta[0.7] PASSED [ 53%]
tests/test_mu_eta_independence.py::test_eta_cuberoot_shortcut_fails_when_mu_differs_from_eta[0.8] PASSED [ 53%]
tests/test_mu_eta_independence.py::test_eta_cuberoot_shortcut_fails_when_mu_differs_from_eta[0.8104] PASSED [ 54%]
tests/test_mu_eta_independence.py::test_eta_cuberoot_shortcut_fails_when_mu_differs_from_eta[0.9] PASSED [ 55%]
tests/test_mu_eta_independence.py::test_eta_cuberoot_shortcut_fails_when_mu_differs_from_eta[1.0] PASSED [ 56%]
tests/test_mu_eta_independence.py::test_mu_equal_eta_is_only_a_special_state PASSED [ 56%]
tests/test_mu_eta_independence.py::test_radial_sector_changes_across_mu_sweep PASSED [ 57%]
tests/test_mu_eta_independence.py::test_phi_changes_across_mu_sweep PASSED [ 58%]
tests/test_mu_eta_independence.py::test_alpha_changes_across_mu_sweep PASSED [ 59%]
tests/test_mu_eta_independence.py::test_projected_observable_is_mu_independent[0.1] PASSED [ 60%]
tests/test_mu_eta_independence.py::test_projected_observable_is_mu_independent[0.2] PASSED [ 60%]
tests/test_mu_eta_independence.py::test_projected_observable_is_mu_independent[0.3] PASSED [ 61%]
tests/test_mu_eta_independence.py::test_projected_observable_is_mu_independent[0.4] PASSED [ 62%]
tests/test_mu_eta_independence.py::test_projected_observable_is_mu_independent[0.5] PASSED [ 63%]
tests/test_mu_eta_independence.py::test_projected_observable_is_mu_independent[0.6] PASSED [ 63%]
tests/test_mu_eta_independence.py::test_projected_observable_is_mu_independent[0.7] PASSED [ 64%]
tests/test_mu_eta_independence.py::test_projected_observable_is_mu_independent[0.8] PASSED [ 65%]
tests/test_mu_eta_independence.py::test_projected_observable_is_mu_independent[0.8104] PASSED [ 66%]
tests/test_mu_eta_independence.py::test_projected_observable_is_mu_independent[0.9] PASSED [ 66%]
tests/test_mu_eta_independence.py::test_projected_observable_is_mu_independent[1.0] PASSED [ 67%]
tests/test_mu_eta_independence.py::test_fc_is_mu_independent[0.1] PASSED [ 68%]
tests/test_mu_eta_independence.py::test_fc_is_mu_independent[0.2] PASSED [ 69%]
tests/test_mu_eta_independence.py::test_fc_is_mu_independent[0.3] PASSED [ 70%]
tests/test_mu_eta_independence.py::test_fc_is_mu_independent[0.4] PASSED [ 70%]
tests/test_mu_eta_independence.py::test_fc_is_mu_independent[0.5] PASSED [ 71%]
tests/test_mu_eta_independence.py::test_fc_is_mu_independent[0.6] PASSED [ 72%]
tests/test_mu_eta_independence.py::test_fc_is_mu_independent[0.7] PASSED [ 73%]
tests/test_mu_eta_independence.py::test_fc_is_mu_independent[0.8] PASSED [ 73%]
tests/test_mu_eta_independence.py::test_fc_is_mu_independent[0.8104] PASSED [ 74%]
tests/test_mu_eta_independence.py::test_fc_is_mu_independent[0.9] PASSED [ 75%]
tests/test_mu_eta_independence.py::test_fc_is_mu_independent[1.0] PASSED [ 76%]
tests/test_mu_eta_independence.py::test_projection_factor_is_mu_independent[0.1] PASSED [ 76%]
tests/test_mu_eta_independence.py::test_projection_factor_is_mu_independent[0.2] PASSED [ 77%]
tests/test_mu_eta_independence.py::test_projection_factor_is_mu_independent[0.3] PASSED [ 78%]
tests/test_mu_eta_independence.py::test_projection_factor_is_mu_independent[0.4] PASSED [ 79%]
tests/test_mu_eta_independence.py::test_projection_factor_is_mu_independent[0.5] PASSED [ 80%]
tests/test_mu_eta_independence.py::test_projection_factor_is_mu_independent[0.6] PASSED [ 80%]
tests/test_mu_eta_independence.py::test_projection_factor_is_mu_independent[0.7] PASSED [ 81%]
tests/test_mu_eta_independence.py::test_projection_factor_is_mu_independent[0.8] PASSED [ 82%]
tests/test_mu_eta_independence.py::test_projection_factor_is_mu_independent[0.8104] PASSED [ 83%]
tests/test_mu_eta_independence.py::test_projection_factor_is_mu_independent[0.9] PASSED [ 83%]
tests/test_mu_eta_independence.py::test_projection_factor_is_mu_independent[1.0] PASSED [ 84%]
tests/test_mu_eta_independence.py::test_radial_changes_while_projection_factor_does_not PASSED [ 85%]
tests/test_mu_eta_independence.py::test_projection_closed_form_contains_no_mu_eff PASSED [ 86%]
tests/test_mu_eta_independence.py::test_explicit_mu_eta_independence_contrast PASSED [ 86%]
tests/test_projection.py::test_canonical_partition PASSED                [ 87%]
tests/test_projection.py::test_projection_matrix_is_orthogonal PASSED    [ 88%]
tests/test_projection.py::test_canonical_projection_closed_form PASSED   [ 89%]
tests/test_projection.py::test_projection_preserves_norm PASSED          [ 90%]
tests/test_projection.py::test_inverse_projection_reconstructs_state PASSED [ 90%]
tests/test_projection.py::test_external_operator_matches_analytic_projection PASSED [ 91%]
tests/test_projection.py::test_external_operator_reconstructs_original_state PASSED [ 92%]
tests/test_projection.py::test_external_operator_projection_norm_closure PASSED [ 93%]
tests/test_projection.py::test_canonical_coupling_amplitude PASSED       [ 93%]
tests/test_projection.py::test_projection_factor_closed_form PASSED      [ 94%]
tests/test_projection.py::test_engine_projection_factor_closed_form PASSED [ 95%]
tests/test_projection.py::test_analytic_and_engine_projection_factors_match PASSED [ 96%]
tests/test_radial_law.py::test_radial_law_matches_mu_eff PASSED          [ 96%]
tests/test_radial_law.py::test_radial_cubic_closure PASSED               [ 97%]
tests/test_radial_law.py::test_radial_response_changes_when_mu_eff_changes PASSED [ 98%]
tests/test_radial_law.py::test_eta_remains_fixed_during_mu_variation PASSED [ 99%]
tests/test_radial_law.py::test_eta_cuberoot_is_not_universal_radial_response PASSED [100%]

============================= 130 passed in 0.10s ==============================
